==29809== Memcheck, a memory error detector
==29809== Copyright (C) 2002-2013, and GNU GPL'd, by Julian Seward et al.
==29809== Using Valgrind-3.9.0 and LibVEX; rerun with -h for copyright info
==29809== Command: keyvalue test1.in test2.in test3.in
==29809== 
test1.in: 1: a=b
a = b
test1.in: 2: key=value
key = value
test1.in: 3: this=is a test
this = is a test
test1.in: 4: this
this = is a test
test1.in: 5: key
key = value
test1.in: 6: a
a = b
test1.in: 7: # $Id: test1.in,v 1.1 2010-02-09 20:31:28-08 - - $
test2.in: 1: key=value
key = value
test2.in: 2: second=third
second = third
test2.in: 3: foo=bar
foo = bar
test2.in: 4: f1=51
f1 = 51
test2.in: 5: f2=52
f2 = 52
test2.in: 6: foobar=baz
foobar = baz
test2.in: 7: baz=quux
baz = quux
test2.in: 8: this=is=a=test
this = is=a=test
test2.in: 9: =
a = b
baz = quux
f1 = 51
f2 = 52
foo = bar
foobar = baz
key = value
key = value
second = third
this = is a test
this = is=a=test
test2.in: 10: a=value
a = value
test2.in: 11: b=value
b = value
test2.in: 12: =value
a = value
b = value
key = value
key = value
test2.in: 13: # $Id: test2.in,v 1.1 2010-02-09 20:31:28-08 - - $
test3.in: 1: # Comments should be ignored
test3.in: 2: 
test3.in: 3: 
test3.in: 4: also ignore blank lines
also ignore blank lines: key not found
test3.in: 5: this file contains nonexistent keys
this file contains nonexistent keys: key not found
test3.in: 6: all output should be error messages
all output should be error messages: key not found
test3.in: 7: # $Id: test3.in,v 1.1 2010-02-09 20:31:28-08 - - $
deleting
end of deleting
==29809== 
==29809== HEAP SUMMARY:
==29809==     in use at exit: 0 bytes in 0 blocks
==29809==   total heap usage: 79 allocs, 79 frees, 29,252 bytes allocated
==29809== 
==29809== All heap blocks were freed -- no leaks are possible
==29809== 
==29809== For counts of detected and suppressed errors, rerun with: -v
==29809== ERROR SUMMARY: 0 errors from 0 contexts (suppressed: 6 from 6)
